2024-07-02 10:14:36,857 - WARNING - No valid Subnautica save path detected
2024-07-02 10:14:36,858 - INFO - Created default settings file
2024-07-02 10:23:58,731 - WARNING - No valid Subnautica save path detected
2024-07-02 10:23:58,735 - INFO - Settings loaded successfully
2024-07-02 10:23:58,735 - ERROR - Game save folder is None
2024-07-02 10:23:58,735 - WARNING - Paths are not set or invalid
2024-07-02 10:24:00,688 - ERROR - Unexpected error: 'SaveManager' object has no attribute 'on_duplicate_save_now'
2024-07-02 10:30:30,597 - WARNING - No valid Subnautica save path detected
2024-07-02 10:30:45,229 - WARNING - No valid Subnautica save path detected
2024-07-02 10:30:45,230 - INFO - Created default settings file
2024-07-02 10:30:45,230 - WARNING - Game save folder does not exist: None
2024-07-02 10:30:45,230 - WARNING - Paths are not set or invalid
2024-07-02 10:35:19,950 - INFO - Application shutting down
2024-07-02 10:36:05,602 - WARNING - No valid Subnautica save path detected
2024-07-02 10:36:05,603 - INFO - Created default settings file
2024-07-02 10:36:05,603 - WARNING - Game save folder does not exist: None
2024-07-02 10:36:05,603 - WARNING - Paths are not set or invalid
2024-07-02 10:36:15,226 - INFO - Application shutting down
2024-07-02 10:38:36,423 - WARNING - No valid Subnautica save path detected
2024-07-02 10:39:57,902 - WARNING - No valid Subnautica save path detected
2024-07-02 10:39:57,903 - INFO - Created default settings file
2024-07-02 10:39:57,903 - WARNING - Game save folder does not exist: None
2024-07-02 10:39:57,903 - WARNING - Paths are not set or invalid
